<?xml version="1.0" encoding="UTF-8"?>
<!-- Generated by org.testng.reporters.JUnitReportReporter -->
<testsuite skipped="0" hostname="DESKTOP-FLR20HU" name="com.testngrunner.LoginRunner" tests="1" failures="0" timestamp="16 Jan 2018 15:10:25 GMT" time="10.467" errors="0">
  <testcase name="feature" time="10.467" classname="com.testngrunner.LoginRunner"/>
</testsuite> <!-- com.testngrunner.LoginRunner -->
