<?xml version="1.0" encoding="UTF-8"?>
<!-- Generated by org.testng.reporters.JUnitReportReporter -->
<testsuite skipped="0" hostname="DESKTOP-FLR20HU" name="testNGclass.MultipleWindows" tests="1" failures="0" timestamp="27 Jan 2018 19:46:33 GMT" time="15.234" errors="0">
  <testcase name="TestPopUp" time="15.234" classname="testNGclass.MultipleWindows"/>
</testsuite> <!-- testNGclass.MultipleWindows -->
