<?xml version="1.0" encoding="UTF-8"?>
<!-- Generated by org.testng.reporters.JUnitReportReporter -->
<testsuite skipped="2" hostname="DESKTOP-FLR20HU" name="testNGclass.CrossBrowse" tests="5" failures="0" timestamp="04 Feb 2018 15:25:18 GMT" time="2.844" errors="2">
  <testcase name="testParameterWithXML" time="0.000" classname="testNGclass.CrossBrowse">
    <skipped/>
  </testcase> <!-- testParameterWithXML -->
  <testcase name="testParameterWithXML" time="2.569" classname="testNGclass.CrossBrowse"/>
  <testcase name="setup" time="0.269" classname="testNGclass.CrossBrowse">
    <error type="org.openqa.selenium.WebDriverException" message="Failed to connect to binary FirefoxBinary(C:\Program Files (x86)\Mozilla Firefox\firefox.exe) on port 7055; process output follows: 
null
Build info: version: &#039;2.53.0&#039;, revision: &#039;35ae25b1534ae328c771e0856c93e187490ca824&#039;, time: &#039;2016-03-15 10:43:46&#039;
System info: host: &#039;DESKTOP-FLR20HU&#039;, ip: &#039;192.168.8.1&#039;, os.name: &#039;Windows 10&#039;, os.arch: &#039;amd64&#039;, os.version: &#039;10.0&#039;, java.version: &#039;1.8.0_151&#039;
Driver info: driver.version: FirefoxDriver">
      <![CDATA[org.openqa.selenium.WebDriverException: Failed to connect to binary FirefoxBinary(C:\Program Files (x86)\Mozilla Firefox\firefox.exe) on port 7055; process output follows: nullBuild info: version: '2.53.0', revision: '35ae25b1534ae328c771e0856c93e187490ca824', time: '2016-03-15 10:43:46'System info: host: 'DESKTOP-FLR20HU', ip: '192.168.8.1', os.name: 'Windows 10', os.arch: 'amd64', os.version: '10.0', java.version: '1.8.0_151'Driver info: driver.version: FirefoxDriverat org.openqa.selenium.firefox.internal.NewProfileExtensionConnection.start(NewProfileExtensionConnection.java:129)at org.openqa.selenium.firefox.FirefoxDriver.startClient(FirefoxDriver.java:271)at org.openqa.selenium.remote.RemoteWebDriver.<init>(RemoteWebDriver.java:119)at org.openqa.selenium.firefox.FirefoxDriver.<init>(FirefoxDriver.java:216)at org.openqa.selenium.firefox.FirefoxDriver.<init>(FirefoxDriver.java:211)at org.openqa.selenium.firefox.FirefoxDriver.<init>(FirefoxDriver.java:207)at org.openqa.selenium.firefox.FirefoxDriver.<init>(FirefoxDriver.java:120)at testNGclass.CrossBrowse.setup(CrossBrowse.java:33)at sun.reflect.NativeMethodAccessorImpl.invoke0(Native Method)at sun.reflect.NativeMethodAccessorImpl.invoke(NativeMethodAccessorImpl.java:62)at sun.reflect.DelegatingMethodAccessorImpl.invoke(DelegatingMethodAccessorImpl.java:43)at java.lang.reflect.Method.invoke(Method.java:498)at org.testng.internal.MethodInvocationHelper.invokeMethod(MethodInvocationHelper.java:124)at org.testng.internal.MethodInvocationHelper.invokeMethodConsideringTimeout(MethodInvocationHelper.java:59)at org.testng.internal.Invoker.invokeConfigurationMethod(Invoker.java:451)at org.testng.internal.Invoker.invokeConfigurations(Invoker.java:222)at org.testng.internal.Invoker.invokeConfigurations(Invoker.java:142)at org.testng.TestRunner.beforeRun(TestRunner.java:529)at org.testng.TestRunner.run(TestRunner.java:497)at org.testng.SuiteRunner.runTest(SuiteRunner.java:455)at org.testng.SuiteRunner.runSequentially(SuiteRunner.java:450)at org.testng.SuiteRunner.privateRun(SuiteRunner.java:415)at org.testng.SuiteRunner.run(SuiteRunner.java:364)at org.testng.SuiteRunnerWorker.runSuite(SuiteRunnerWorker.java:52)at org.testng.SuiteRunnerWorker.run(SuiteRunnerWorker.java:84)at org.testng.TestNG.runSuitesSequentially(TestNG.java:1187)at org.testng.TestNG.runSuitesLocally(TestNG.java:1116)at org.testng.TestNG.runSuites(TestNG.java:1028)at org.testng.TestNG.run(TestNG.java:996)at org.testng.remote.AbstractRemoteTestNG.run(AbstractRemoteTestNG.java:114)at org.testng.remote.RemoteTestNG.initAndRun(RemoteTestNG.java:251)at org.testng.remote.RemoteTestNG.main(RemoteTestNG.java:77)Caused by: org.openqa.selenium.firefox.UnableToCreateProfileException: java.io.IOException: Can only install from a zip file, an XPI or a directory: C:\Users\alamm\git\My.project\.\DriverBrowser\geckodriver.exeBuild info: version: '2.53.0', revision: '35ae25b1534ae328c771e0856c93e187490ca824', time: '2016-03-15 10:43:46'System info: host: 'DESKTOP-FLR20HU', ip: '192.168.8.1', os.name: 'Windows 10', os.arch: 'amd64', os.version: '10.0', java.version: '1.8.0_151'Driver info: driver.version: FirefoxDriverat org.openqa.selenium.firefox.FirefoxProfile.layoutOnDisk(FirefoxProfile.java:427)at org.openqa.selenium.firefox.internal.NewProfileExtensionConnection.start(NewProfileExtensionConnection.java:85)... 31 moreCaused by: java.io.IOException: Can only install from a zip file, an XPI or a directory: C:\Users\alamm\git\My.project\.\DriverBrowser\geckodriver.exeat org.openqa.selenium.firefox.internal.FileExtension.writeTo(FileExtension.java:55)at org.openqa.selenium.firefox.FirefoxProfile.installExtensions(FirefoxProfile.java:443)at org.openqa.selenium.firefox.FirefoxProfile.layoutOnDisk(FirefoxProfile.java:421)... 32 more]]>
    </error>
  </testcase> <!-- setup -->
  <testcase name="testParameterWithXML" time="0.000" classname="testNGclass.CrossBrowse">
    <skipped/>
  </testcase> <!-- testParameterWithXML -->
  <testcase name="setup" time="0.006" classname="testNGclass.CrossBrowse">
    <error type="java.lang.IllegalStateException" message="The path to the driver executable must be set by the webdriver.edge.driver system property; for more information, see https://github.com/SeleniumHQ/selenium/wiki/MicrosoftWebDriver. The latest version can be downloaded from http://go.microsoft.com/fwlink/?LinkId=619687">
      <![CDATA[java.lang.IllegalStateException: The path to the driver executable must be set by the webdriver.edge.driver system property; for more information, see https://github.com/SeleniumHQ/selenium/wiki/MicrosoftWebDriver. The latest version can be downloaded from http://go.microsoft.com/fwlink/?LinkId=619687at com.google.common.base.Preconditions.checkState(Preconditions.java:469)at org.openqa.selenium.remote.service.DriverService.findExecutable(DriverService.java:109)at org.openqa.selenium.edge.EdgeDriverService.access$000(EdgeDriverService.java:33)at org.openqa.selenium.edge.EdgeDriverService$Builder.findDefaultExecutable(EdgeDriverService.java:63)at org.openqa.selenium.remote.service.DriverService$Builder.build(DriverService.java:296)at org.openqa.selenium.edge.EdgeDriverService.createDefaultService(EdgeDriverService.java:55)at org.openqa.selenium.edge.EdgeDriver.<init>(EdgeDriver.java:98)at testNGclass.CrossBrowse.setup(CrossBrowse.java:45)at sun.reflect.NativeMethodAccessorImpl.invoke0(Native Method)at sun.reflect.NativeMethodAccessorImpl.invoke(NativeMethodAccessorImpl.java:62)at sun.reflect.DelegatingMethodAccessorImpl.invoke(DelegatingMethodAccessorImpl.java:43)at java.lang.reflect.Method.invoke(Method.java:498)at org.testng.internal.MethodInvocationHelper.invokeMethod(MethodInvocationHelper.java:124)at org.testng.internal.MethodInvocationHelper.invokeMethodConsideringTimeout(MethodInvocationHelper.java:59)at org.testng.internal.Invoker.invokeConfigurationMethod(Invoker.java:451)at org.testng.internal.Invoker.invokeConfigurations(Invoker.java:222)at org.testng.internal.Invoker.invokeConfigurations(Invoker.java:142)at org.testng.TestRunner.beforeRun(TestRunner.java:529)at org.testng.TestRunner.run(TestRunner.java:497)at org.testng.SuiteRunner.runTest(SuiteRunner.java:455)at org.testng.SuiteRunner.runSequentially(SuiteRunner.java:450)at org.testng.SuiteRunner.privateRun(SuiteRunner.java:415)at org.testng.SuiteRunner.run(SuiteRunner.java:364)at org.testng.SuiteRunnerWorker.runSuite(SuiteRunnerWorker.java:52)at org.testng.SuiteRunnerWorker.run(SuiteRunnerWorker.java:84)at org.testng.TestNG.runSuitesSequentially(TestNG.java:1187)at org.testng.TestNG.runSuitesLocally(TestNG.java:1116)at org.testng.TestNG.runSuites(TestNG.java:1028)at org.testng.TestNG.run(TestNG.java:996)at org.testng.remote.AbstractRemoteTestNG.run(AbstractRemoteTestNG.java:114)at org.testng.remote.RemoteTestNG.initAndRun(RemoteTestNG.java:251)at org.testng.remote.RemoteTestNG.main(RemoteTestNG.java:77)]]>
    </error>
  </testcase> <!-- setup -->
</testsuite> <!-- testNGclass.CrossBrowse -->
