<?xml version="1.0" encoding="UTF-8"?>
<!-- Generated by org.testng.reporters.JUnitReportReporter -->
<testsuite skipped="0" hostname="DESKTOP-FLR20HU" name="testNGclass.ScreanshortTest" tests="1" failures="0" timestamp="23 Feb 2018 01:32:43 GMT" time="14.692" errors="0">
  <testcase name="captureScreenshort" time="14.692" classname="testNGclass.ScreanshortTest"/>
</testsuite> <!-- testNGclass.ScreanshortTest -->
