<?xml version="1.0" encoding="UTF-8"?>
<!-- Generated by org.testng.reporters.JUnitReportReporter -->
<testsuite skipped="0" hostname="DESKTOP-FLR20HU" name="com.testngrunner.TestNGRunnerOutLine" tests="1" failures="0" timestamp="16 Jan 2018 15:10:25 GMT" time="32.700" errors="0">
  <testcase name="feature" time="32.700" classname="com.testngrunner.TestNGRunnerOutLine"/>
</testsuite> <!-- com.testngrunner.TestNGRunnerOutLine -->
