<?xml version="1.0" encoding="UTF-8"?>
<!-- Generated by org.testng.reporters.JUnitReportReporter -->
<testsuite skipped="0" hostname="DESKTOP-FLR20HU" name="testNGclass.ScreanshortTest" tests="1" failures="0" timestamp="25 Jan 2018 22:01:39 GMT" time="15.600" errors="0">
  <testcase name="captureScreenshort" time="15.600" classname="testNGclass.ScreanshortTest"/>
</testsuite> <!-- testNGclass.ScreanshortTest -->
