<?xml version="1.0" encoding="UTF-8"?>
<!-- Generated by org.testng.reporters.JUnitReportReporter -->
<testsuite skipped="0" hostname="DESKTOP-FLR20HU" name="testNGclass.Testcase1" tests="1" failures="0" timestamp="21 Jan 2018 01:54:27 GMT" time="0.001" errors="0">
  <testcase name="TestFB" time="0.001" classname="testNGclass.Testcase1"/>
</testsuite> <!-- testNGclass.Testcase1 -->
