<?xml version="1.0" encoding="UTF-8"?>
<!-- Generated by org.testng.reporters.JUnitReportReporter -->
<testsuite skipped="0" hostname="DESKTOP-FLR20HU" name="testNGclass.ScreanshortTest" tests="1" failures="0" timestamp="27 Jan 2018 19:42:02 GMT" time="12.474" errors="0">
  <testcase name="captureScreenshort" time="12.474" classname="testNGclass.ScreanshortTest"/>
</testsuite> <!-- testNGclass.ScreanshortTest -->
