<?xml version="1.0" encoding="UTF-8"?>
<!-- Generated by org.testng.reporters.JUnitReportReporter -->
<testsuite skipped="0" hostname="DESKTOP-FLR20HU" name="testNGclass.HandleCertificate" tests="1" failures="0" timestamp="04 Feb 2018 15:09:52 GMT" time="9.046" errors="0">
  <testcase name="Certificate" time="9.046" classname="testNGclass.HandleCertificate"/>
</testsuite> <!-- testNGclass.HandleCertificate -->
