<?xml version="1.0" encoding="UTF-8"?>
<!-- Generated by org.testng.reporters.JUnitReportReporter -->
<testsuite skipped="0" hostname="DESKTOP-FLR20HU" name="com.collectionClass.HashMapClass" tests="1" failures="0" timestamp="21 Feb 2018 20:56:33 GMT" time="0.035" errors="0">
  <testcase name="HashMaps" time="0.035" classname="com.collectionClass.HashMapClass"/>
</testsuite> <!-- com.collectionClass.HashMapClass -->
