<?xml version="1.0" encoding="UTF-8"?>
<!-- Generated by org.testng.reporters.JUnitReportReporter -->
<testsuite skipped="0" hostname="DESKTOP-FLR20HU" name="testNGclass.HandleCertificate" tests="1" failures="0" timestamp="27 Jan 2018 20:23:04 GMT" time="2.750" errors="0">
  <testcase name="Certificate" time="2.750" classname="testNGclass.HandleCertificate"/>
</testsuite> <!-- testNGclass.HandleCertificate -->
