<?xml version="1.0" encoding="UTF-8"?>
<!-- Generated by org.testng.reporters.JUnitReportReporter -->
<testsuite skipped="0" hostname="DESKTOP-FLR20HU" name="testNGclass.RobotClass" tests="1" failures="0" timestamp="04 Feb 2018 15:17:06 GMT" time="37.612" errors="0">
  <testcase name="TestRobo" time="37.612" classname="testNGclass.RobotClass"/>
</testsuite> <!-- testNGclass.RobotClass -->
