<?xml version="1.0" encoding="UTF-8"?>
<!-- Generated by org.testng.reporters.JUnitReportReporter -->
<testsuite skipped="0" hostname="DESKTOP-O4JKVHS" name="testNGclass.HendleXpath" tests="1" failures="0" timestamp="12 Jun 2018 02:11:30 GMT" time="10.684" errors="0">
  <testcase name="Hendlexpath" time="10.684" classname="testNGclass.HendleXpath"/>
</testsuite> <!-- testNGclass.HendleXpath -->
