<?xml version="1.0" encoding="UTF-8"?>
<!-- Generated by org.testng.reporters.JUnitReportReporter -->
<testsuite skipped="0" hostname="DESKTOP-FLR20HU" name="testNGclass.SikuliHendle" tests="1" failures="0" timestamp="11 Feb 2018 17:26:10 GMT" time="23.232" errors="1">
  <testcase name="fileUpload" time="23.232" classname="testNGclass.SikuliHendle">
    <error type="org.sikuli.script.FindFailed" message="Region: doFind: Image not loadable: P(D:/Selenium/FileOpenInput.PNG -- not valid!) S: 0.7">
      <![CDATA[FindFailed: Region: doFind: Image not loadable: P(D:/Selenium/FileOpenInput.PNG -- not valid!) S: 0.7  Line 2535, in file Region.javaat org.sikuli.script.Region.wait(Region.java:2535)at org.sikuli.script.Region.find(Region.java:2205)at org.sikuli.script.Region.getLocationFromTarget(Region.java:3067)at org.sikuli.script.Region.click(Region.java:3534)at org.sikuli.script.Region.keyin(Region.java:4200)at org.sikuli.script.Region.type(Region.java:4162)at testNGclass.SikuliHendle.fileUpload(SikuliHendle.java:57)at sun.reflect.NativeMethodAccessorImpl.invoke0(Native Method)at sun.reflect.NativeMethodAccessorImpl.invoke(NativeMethodAccessorImpl.java:62)at sun.reflect.DelegatingMethodAccessorImpl.invoke(DelegatingMethodAccessorImpl.java:43)at java.lang.reflect.Method.invoke(Method.java:498)at org.testng.internal.MethodInvocationHelper.invokeMethod(MethodInvocationHelper.java:124)at org.testng.internal.Invoker.invokeMethod(Invoker.java:571)at org.testng.internal.Invoker.invokeTestMethod(Invoker.java:707)at org.testng.internal.Invoker.invokeTestMethods(Invoker.java:979)at org.testng.internal.TestMethodWorker.invokeTestMethods(TestMethodWorker.java:125)at org.testng.internal.TestMethodWorker.run(TestMethodWorker.java:109)at org.testng.TestRunner.privateRun(TestRunner.java:648)at org.testng.TestRunner.run(TestRunner.java:505)at org.testng.SuiteRunner.runTest(SuiteRunner.java:455)at org.testng.SuiteRunner.runSequentially(SuiteRunner.java:450)at org.testng.SuiteRunner.privateRun(SuiteRunner.java:415)at org.testng.SuiteRunner.run(SuiteRunner.java:364)at org.testng.SuiteRunnerWorker.runSuite(SuiteRunnerWorker.java:52)at org.testng.SuiteRunnerWorker.run(SuiteRunnerWorker.java:84)at org.testng.TestNG.runSuitesSequentially(TestNG.java:1187)at org.testng.TestNG.runSuitesLocally(TestNG.java:1116)at org.testng.TestNG.runSuites(TestNG.java:1028)at org.testng.TestNG.run(TestNG.java:996)at org.testng.remote.AbstractRemoteTestNG.run(AbstractRemoteTestNG.java:114)at org.testng.remote.RemoteTestNG.initAndRun(RemoteTestNG.java:251)at org.testng.remote.RemoteTestNG.main(RemoteTestNG.java:77)]]>
    </error>
  </testcase> <!-- fileUpload -->
</testsuite> <!-- testNGclass.SikuliHendle -->
