<?xml version="1.0" encoding="UTF-8"?>
<!-- Generated by org.testng.reporters.JUnitReportReporter -->
<testsuite skipped="0" hostname="DESKTOP-FLR20HU" name="testNGclass.Testcase3" tests="1" failures="0" timestamp="21 Jan 2018 01:54:27 GMT" time="0.000" errors="0">
  <testcase name="TestWatsup" time="0.000" classname="testNGclass.Testcase3"/>
</testsuite> <!-- testNGclass.Testcase3 -->
