<?xml version="1.0" encoding="UTF-8"?>
<!-- Generated by org.testng.reporters.JUnitReportReporter -->
<testsuite skipped="0" hostname="DESKTOP-O4JKVHS" name="com.collectionClass.HashMapClass" tests="1" failures="0" timestamp="28 Mar 2018 18:26:04 GMT" time="0.016" errors="0">
  <testcase name="HashMaps" time="0.016" classname="com.collectionClass.HashMapClass"/>
</testsuite> <!-- com.collectionClass.HashMapClass -->
