<?xml version="1.0" encoding="UTF-8"?>
<!-- Generated by org.testng.reporters.JUnitReportReporter -->
<testsuite skipped="0" hostname="DESKTOP-HHEDQ4L" name="testNGclass.DataProviderClass" tests="2" failures="0" timestamp="01 Mar 2018 00:05:43 GMT" time="0.011" errors="0">
  <testcase name="loginTest" time="0.009" classname="testNGclass.DataProviderClass"/>
  <testcase name="loginTest" time="0.002" classname="testNGclass.DataProviderClass"/>
</testsuite> <!-- testNGclass.DataProviderClass -->
