<?xml version="1.0" encoding="UTF-8"?>
<!-- Generated by org.testng.reporters.JUnitReportReporter -->
<testsuite skipped="0" hostname="DESKTOP-FLR20HU" name="testNGclass.HandleMultipleWindowsOrTab" tests="1" failures="0" timestamp="11 Feb 2018 19:34:02 GMT" time="27.826" errors="0">
  <testcase name="TestPopUp" time="27.826" classname="testNGclass.HandleMultipleWindowsOrTab"/>
</testsuite> <!-- testNGclass.HandleMultipleWindowsOrTab -->
