<?xml version="1.0" encoding="UTF-8"?>
<!-- Generated by org.testng.reporters.JUnitReportReporter -->
<testsuite skipped="0" hostname="DESKTOP-O4JKVHS" name="com.collectionClass.ArrayListConsept" tests="1" failures="0" timestamp="29 Mar 2018 17:37:43 GMT" time="0.013" errors="0">
  <testcase name="main" time="0.013" classname="com.collectionClass.ArrayListConsept"/>
</testsuite> <!-- com.collectionClass.ArrayListConsept -->
