<?xml version="1.0" encoding="UTF-8"?>
<!-- Generated by org.testng.reporters.JUnitReportReporter -->
<testsuite skipped="0" hostname="DESKTOP-FLR20HU" name="testNGclass.RobotClass" tests="1" failures="0" timestamp="27 Jan 2018 20:31:51 GMT" time="13.024" errors="0">
  <testcase name="TestRobo" time="13.024" classname="testNGclass.RobotClass"/>
</testsuite> <!-- testNGclass.RobotClass -->
