<?xml version="1.0" encoding="UTF-8"?>
<!-- Generated by org.testng.reporters.JUnitReportReporter -->
<testsuite skipped="0" hostname="DESKTOP-HHEDQ4L" name="com.collectionClass.HashMapClass" tests="1" failures="0" timestamp="01 Mar 2018 00:07:16 GMT" time="0.014" errors="0">
  <testcase name="HashMaps" time="0.014" classname="com.collectionClass.HashMapClass"/>
</testsuite> <!-- com.collectionClass.HashMapClass -->
