<?xml version="1.0" encoding="UTF-8"?>
<!-- Generated by org.testng.reporters.JUnitReportReporter -->
<testsuite skipped="0" hostname="DESKTOP-FLR20HU" name="testNGclass.DataProviderClass" tests="2" failures="0" timestamp="25 Jan 2018 04:46:10 GMT" time="0.011" errors="0">
  <testcase name="loginTest" time="0.009" classname="testNGclass.DataProviderClass"/>
  <testcase name="loginTest" time="0.002" classname="testNGclass.DataProviderClass"/>
</testsuite> <!-- testNGclass.DataProviderClass -->
